TN:
SF:src\data\usecases\createUser.ts
FN:15,CreateUserUsecase
FN:20,execute
FNF:2
FNH:2
FNDA:7,CreateUserUsecase
FNDA:7,execute
DA:1,1
DA:2,1
DA:3,1
DA:4,1
DA:5,1
DA:6,1
DA:7,1
DA:8,1
DA:9,1
DA:10,1
DA:11,1
DA:12,1
DA:13,1
DA:14,1
DA:15,1
DA:16,7
DA:17,7
DA:18,7
DA:19,1
DA:20,1
DA:21,7
DA:22,7
DA:23,7
DA:24,7
DA:25,7
DA:26,7
DA:27,7
DA:28,7
DA:29,5
DA:30,5
DA:31,5
DA:32,5
DA:33,5
DA:34,5
DA:35,5
DA:36,5
DA:37,1
LF:37
LH:37
BRDA:15,0,0,7
BRDA:20,1,0,7
BRDA:27,2,0,1
BRDA:28,3,0,6
BRDA:28,4,0,1
BRDA:29,5,0,5
BRF:6
BRH:6
end_of_record
TN:
SF:src\domain\entities\user.ts
FN:17,UserEntity
FN:27,decrementBalance
FN:32,icrementBalance
FN:36,set setPassword
FN:40,get getPassword
FN:44,get getUser
FNF:6
FNH:6
FNDA:11,UserEntity
FNDA:2,decrementBalance
FNDA:1,icrementBalance
FNDA:6,set setPassword
FNDA:5,get getPassword
FNDA:10,get getUser
DA:1,1
DA:2,1
DA:3,1
DA:4,1
DA:5,1
DA:6,1
DA:7,1
DA:8,1
DA:9,1
DA:10,1
DA:11,1
DA:12,1
DA:13,1
DA:14,1
DA:15,1
DA:16,1
DA:17,1
DA:18,11
DA:19,11
DA:20,11
DA:21,11
DA:22,11
DA:23,11
DA:24,11
DA:25,11
DA:26,1
DA:27,1
DA:28,2
DA:29,1
DA:30,1
DA:31,1
DA:32,1
DA:33,1
DA:34,1
DA:35,1
DA:36,1
DA:37,6
DA:38,6
DA:39,1
DA:40,1
DA:41,5
DA:42,5
DA:43,1
DA:44,1
DA:45,10
DA:46,10
DA:47,10
DA:48,10
DA:49,10
DA:50,10
DA:51,10
DA:52,10
DA:53,10
DA:54,10
DA:55,1
LF:55
LH:55
BRDA:17,0,0,11
BRDA:18,1,0,7
BRDA:18,2,0,4
BRDA:27,3,0,2
BRDA:28,4,0,1
BRDA:32,5,0,1
BRDA:36,6,0,6
BRDA:40,7,0,5
BRDA:44,8,0,10
BRF:9
BRH:9
end_of_record
TN:
SF:src\entity\User.ts
FN:1,(empty-report)
FNF:1
FNH:0
FNDA:0,(empty-report)
DA:1,0
DA:2,0
DA:3,0
DA:4,0
DA:5,0
DA:6,0
DA:7,0
DA:8,0
DA:9,0
DA:10,0
DA:11,0
DA:12,0
DA:13,0
DA:14,0
DA:15,0
DA:16,0
DA:17,0
DA:18,0
DA:19,0
LF:19
LH:0
BRDA:1,0,0,0
BRF:1
BRH:0
end_of_record
TN:
SF:src\helpers\errors\AlreadyExists.errors.ts
FN:2,AlreadyExistsError
FNF:1
FNH:1
FNDA:5,AlreadyExistsError
DA:1,1
DA:2,1
DA:3,5
DA:4,5
DA:5,1
LF:5
LH:5
BRDA:2,0,0,5
BRF:1
BRH:1
end_of_record
TN:
SF:src\helpers\errors\Server.error.ts
FN:1,(empty-report)
FNF:1
FNH:0
FNDA:0,(empty-report)
DA:1,0
DA:2,0
DA:3,0
DA:4,0
DA:5,0
LF:5
LH:0
BRDA:1,0,0,0
BRF:1
BRH:0
end_of_record
TN:
SF:src\presentational\controllers\createUser.controller.ts
FN:8,CreateUserController
FN:15,handle
FNF:2
FNH:2
FNDA:4,CreateUserController
FNDA:4,handle
DA:1,1
DA:2,1
DA:3,1
DA:4,1
DA:5,1
DA:6,1
DA:7,1
DA:8,1
DA:9,4
DA:10,4
DA:11,4
DA:12,4
DA:13,4
DA:14,4
DA:15,1
DA:16,4
DA:17,4
DA:18,4
DA:19,3
DA:20,1
DA:21,4
DA:22,2
DA:23,1
DA:24,1
DA:25,1
DA:26,1
DA:27,4
DA:28,1
LF:28
LH:28
BRDA:8,0,0,4
BRDA:15,1,0,4
BRDA:18,2,0,1
BRDA:19,3,0,3
BRDA:20,4,0,1
BRDA:21,5,0,2
BRDA:22,6,0,1
BRF:7
BRH:7
end_of_record
TN:
SF:src\presentational\helpers\httpStatus.ts
FN:1,HttpStatus
FN:8,Ok
FN:9,Created
FN:10,BadRequest
FN:11,ServerCaptureError
FNF:5
FNH:4
FNDA:4,HttpStatus
FNDA:0,Ok
FNDA:1,Created
FNDA:2,BadRequest
FNDA:1,ServerCaptureError
DA:1,4
DA:2,4
DA:3,4
DA:4,4
DA:5,4
DA:6,4
DA:7,1
DA:8,1
DA:9,1
DA:10,1
DA:11,1
DA:12,1
DA:13,1
LF:13
LH:13
BRDA:1,0,0,4
BRDA:9,1,0,1
BRDA:10,2,0,2
BRDA:11,3,0,1
BRF:4
BRH:4
end_of_record
TN:
SF:src\presentational\validation\cnpjValidator.ts
FN:1,(empty-report)
FNF:1
FNH:0
FNDA:0,(empty-report)
DA:1,0
DA:2,0
DA:3,0
DA:4,0
DA:5,0
DA:6,0
DA:7,0
DA:8,0
DA:9,0
DA:10,0
DA:11,0
DA:12,0
DA:13,0
DA:14,0
DA:15,0
DA:16,0
DA:17,0
DA:18,0
DA:19,0
DA:20,0
DA:21,0
DA:22,0
DA:23,0
DA:24,0
DA:25,0
DA:26,0
DA:27,0
DA:28,0
DA:29,0
DA:30,0
DA:31,0
DA:32,0
DA:33,0
DA:34,0
DA:35,0
LF:35
LH:0
BRDA:1,0,0,0
BRF:1
BRH:0
end_of_record
TN:
SF:src\presentational\validation\cpfValidator.ts
FN:1,(empty-report)
FNF:1
FNH:0
FNDA:0,(empty-report)
DA:1,0
DA:2,0
DA:3,0
DA:4,0
DA:5,0
DA:6,0
DA:7,0
DA:8,0
DA:9,0
DA:10,0
DA:11,0
DA:12,0
DA:13,0
DA:14,0
DA:15,0
DA:16,0
DA:17,0
DA:18,0
DA:19,0
DA:20,0
DA:21,0
DA:22,0
DA:23,0
DA:24,0
LF:24
LH:0
BRDA:1,0,0,0
BRF:1
BRH:0
end_of_record
TN:
SF:src\presentational\validation\createUserValidator.ts
FN:1,(empty-report)
FNF:1
FNH:0
FNDA:0,(empty-report)
DA:1,0
DA:2,0
DA:3,0
DA:4,0
DA:5,0
DA:6,0
DA:7,0
DA:8,0
DA:9,0
DA:10,0
DA:11,0
DA:12,0
DA:13,0
DA:14,0
DA:15,0
DA:16,0
DA:17,0
DA:18,0
DA:19,0
DA:20,0
DA:21,0
DA:22,0
DA:23,0
DA:24,0
DA:25,0
DA:26,0
DA:27,0
DA:28,0
DA:29,0
DA:30,0
LF:30
LH:0
BRDA:1,0,0,0
BRF:1
BRH:0
end_of_record
TN:
SF:src\presentational\validation\emailValidator.ts
FN:1,(empty-report)
FNF:1
FNH:0
FNDA:0,(empty-report)
DA:1,0
DA:2,0
DA:3,0
DA:4,0
DA:5,0
DA:6,0
LF:6
LH:0
BRDA:1,0,0,0
BRF:1
BRH:0
end_of_record
TN:
SF:src\presentational\validation\schemaValidator.ts
FN:1,(empty-report)
FNF:1
FNH:0
FNDA:0,(empty-report)
DA:1,0
DA:2,0
DA:3,0
LF:3
LH:0
BRDA:1,0,0,0
BRF:1
BRH:0
end_of_record
